<?xml version="1.0" encoding="UTF-8"?>
<testsuite xmlns:xsi="http://www.w3.org/2001/XMLSchema-instance" xsi:noNamespaceSchemaLocation="https://maven.apache.org/surefire/maven-surefire-plugin/xsd/surefire-test-report.xsd" name="RpcTest" time="0.096" tests="1" errors="1" skipped="0" failures="0">
  <properties>
[...]
</properties>
  <testcase name="testAccountLib" classname="RpcTest" time="0.02">
    <error type="java.lang.reflect.UndeclaredThrowableException">java.lang.reflect.UndeclaredThrowableException
	at RpcTest.testAccountLib(RpcTest.java:18)
Caused by: java.lang.ClassNotFoundException: com/cecd/sdk/rpc//RpcConfig
	at RpcTest.testAccountLib(RpcTest.java:18)
</error>
  </testcase>
</testsuite>